Updating dependencies
Resolving dependencies...

No dependencies to install or update
Updating dependencies
Resolving dependencies...

No dependencies to install or update
Updating dependencies
Resolving dependencies...

No dependencies to install or update
Updating dependencies
Resolving dependencies...

No dependencies to install or update
Updating dependencies
Resolving dependencies...

Writing lock file

Package operations: 0 installs, 2 updates, 0 removals

  • Updating dataclasses-json (0.5.5 -> 0.5.6)
  • Updating black (21.8b0 -> 21.9b0)
Updating dependencies
Resolving dependencies...

Writing lock file

Package operations: 0 installs, 1 update, 0 removals

  • Updating pyre-extensions (0.0.21 -> 0.0.22)
